<?xml version="1.0" encoding="UTF-8"?>
<robot generator="Robot 7.0 (Python 3.12.1 on win32)" generated="2025-01-22T17:00:12.208343" rpa="false" schemaversion="5">
<suite id="s1" name="WebDemo" source="C:\Users\lenovo\Documents\year3-2\software-engineer\Lab7_2\WebDemo">
<suite id="s1-s1" name="Form Tests" source="C:\Users\lenovo\Documents\year3-2\software-engineer\Lab7_2\WebDemo\form_tests">
<suite id="s1-s1-s1" name="Complete" source="C:\Users\lenovo\Documents\year3-2\software-engineer\Lab7_2\WebDemo\form_tests\complete.robot">
<test id="s1-s1-s1-t1" name="UAT-Lab7-001 : Open Form" line="12">
<kw name="Start Chrome For Testing" owner="resource">
<kw name="Evaluate" owner="BuiltIn">
<msg time="2025-01-22T17:00:12.504103" level="INFO">${chrome_options} = &lt;selenium.webdriver.chrome.options.Options object at 0x0000014A0B171970&gt;</msg>
<var>${chrome_options}</var>
<arg>sys.modules['selenium.webdriver'].ChromeOptions()</arg>
<arg>sys</arg>
<doc>Evaluates the given expression in Python and returns the result.</doc>
<status status="PASS" start="2025-01-22T17:00:12.504103" elapsed="0.001097"/>
</kw>
<kw name="Set Variable" owner="BuiltIn">
<msg time="2025-01-22T17:00:12.505200" level="INFO">${chrome_options.binary_location} = C:\Users\lenovo\Documents\year3-2\software-engineer\Lab7_2\WebDemo\form_tests/../ChromeForTesting/chrome-win64/chrome.exe</msg>
<var>${chrome_options.binary_location}</var>
<arg>${CHROME_BROWSER_PATH}</arg>
<doc>Returns the given values which can then be assigned to a variables.</doc>
<status status="PASS" start="2025-01-22T17:00:12.505200" elapsed="0.000000"/>
</kw>
<kw name="Evaluate" owner="BuiltIn">
<msg time="2025-01-22T17:00:12.508102" level="INFO">${service} = &lt;selenium.webdriver.chrome.service.Service object at 0x0000014A0B172090&gt;</msg>
<var>${service}</var>
<arg>sys.modules["selenium.webdriver.chrome.service"].Service(executable_path=r"${CHROME_DRIVER_PATH}")</arg>
<doc>Evaluates the given expression in Python and returns the result.</doc>
<status status="PASS" start="2025-01-22T17:00:12.506165" elapsed="0.001937"/>
</kw>
<kw name="Create Webdriver" owner="SeleniumLibrary">
<msg time="2025-01-22T17:00:12.509473" level="INFO">Creating an instance of the Chrome WebDriver.</msg>
<arg>Chrome</arg>
<arg>options=${chrome_options}</arg>
<arg>service=${service}</arg>
<doc>Creates an instance of Selenium WebDriver.</doc>
<status status="PASS" start="2025-01-22T17:00:12.508102" elapsed="1.805054"/>
</kw>
<status status="PASS" start="2025-01-22T17:00:12.502104" elapsed="1.812053"/>
</kw>
<kw name="Open Browser To Form Page" owner="resource">
<kw name="Go To" owner="SeleniumLibrary">
<msg time="2025-01-22T17:00:14.316157" level="INFO">Opening url 'http://localhost:7272/Form.html'</msg>
<arg>${FORM URL}</arg>
<doc>Navigates the current browser window to the provided ``url``.</doc>
<status status="PASS" start="2025-01-22T17:00:14.316157" elapsed="0.486163"/>
</kw>
<kw name="Maximize Browser Window" owner="SeleniumLibrary">
<doc>Maximizes current browser window.</doc>
<status status="PASS" start="2025-01-22T17:00:14.802320" elapsed="0.055171"/>
</kw>
<kw name="Set Selenium Speed" owner="SeleniumLibrary">
<arg>${DELAY}</arg>
<doc>Sets the delay that is waited after each Selenium command.</doc>
<status status="PASS" start="2025-01-22T17:00:14.857491" elapsed="0.001000"/>
</kw>
<status status="PASS" start="2025-01-22T17:00:14.315155" elapsed="0.544355"/>
</kw>
<kw name="Location Should Be" owner="SeleniumLibrary">
<msg time="2025-01-22T17:00:14.974003" level="INFO">Current location is 'http://localhost:7272/Form.html'.</msg>
<arg>${FORM URL}</arg>
<doc>Verifies that the current URL is exactly ``url``.</doc>
<status status="PASS" start="2025-01-22T17:00:14.861503" elapsed="0.112500"/>
</kw>
<kw name="Close Browser" owner="SeleniumLibrary">
<doc>Closes the current browser.</doc>
<status status="PASS" start="2025-01-22T17:00:14.975315" elapsed="2.618377"/>
</kw>
<status status="PASS" start="2025-01-22T17:00:12.500103" elapsed="5.095491"/>
</test>
<status status="PASS" start="2025-01-22T17:00:12.251681" elapsed="5.347930"/>
</suite>
<status status="PASS" start="2025-01-22T17:00:12.247682" elapsed="5.356934"/>
</suite>
<status status="PASS" start="2025-01-22T17:00:12.217941" elapsed="5.391680"/>
</suite>
<statistics>
<total>
<stat pass="1" fail="0" skip="0">All Tests</stat>
</total>
<tag>
</tag>
<suite>
<stat pass="1" fail="0" skip="0" id="s1" name="WebDemo">WebDemo</stat>
<stat pass="1" fail="0" skip="0" id="s1-s1" name="Form Tests">WebDemo.Form Tests</stat>
<stat pass="1" fail="0" skip="0" id="s1-s1-s1" name="Complete">WebDemo.Form Tests.Complete</stat>
</suite>
</statistics>
<errors>
</errors>
</robot>
