<?xml version="1.0" encoding="UTF-8"?>
<robot generator="Robot 7.0 (Python 3.12.1 on win32)" generated="2025-01-27T14:35:18.721337" rpa="false" schemaversion="5">
<suite id="s1" name="Complete" source="C:\Users\lenovo\Documents\year3-2\software-engineer\Lab7_3\form_tests\complete.robot">
<test id="s1-t1" name="UAT-Lab7-001 : Open Form" line="6">
<kw name="Open Browser" owner="SeleniumLibrary">
<msg time="2025-01-27T14:35:18.982397" level="INFO">Opening browser 'Chrome' to base url 'http://localhost:7272/Form.html'.</msg>
<arg>${FORM URL}</arg>
<arg>Chrome</arg>
<doc>Opens a new browser instance to the optional ``url``.</doc>
<status status="PASS" start="2025-01-27T14:35:18.982397" elapsed="2.215495"/>
</kw>
<kw name="Go To" owner="SeleniumLibrary">
<msg time="2025-01-27T14:35:21.199920" level="INFO">Opening url 'http://localhost:7272/Form.html'</msg>
<arg>${FORM URL}</arg>
<doc>Navigates the current browser window to the provided ``url``.</doc>
<status status="PASS" start="2025-01-27T14:35:21.199252" elapsed="0.022900"/>
</kw>
<kw name="Location Should Be" owner="SeleniumLibrary">
<msg time="2025-01-27T14:35:21.232121" level="INFO">Current location is 'http://localhost:7272/Form.html'.</msg>
<arg>${FORM URL}</arg>
<doc>Verifies that the current URL is exactly ``url``.</doc>
<status status="PASS" start="2025-01-27T14:35:21.222791" elapsed="0.009907"/>
</kw>
<kw name="Set Selenium Speed" owner="SeleniumLibrary">
<arg>${DELAY}</arg>
<doc>Sets the delay that is waited after each Selenium command.</doc>
<status status="PASS" start="2025-01-27T14:35:21.232698" elapsed="0.000756"/>
</kw>
<status status="PASS" start="2025-01-27T14:35:18.981784" elapsed="2.252279"/>
</test>
<test id="s1-t2" name="UAT-Lab7-001 : Record Success" line="17">
<kw name="Go To" owner="SeleniumLibrary">
<msg time="2025-01-27T14:35:21.236546" level="INFO">Opening url 'http://localhost:7272/Form.html'</msg>
<arg>${FORM URL}</arg>
<doc>Navigates the current browser window to the provided ``url``.</doc>
<status status="PASS" start="2025-01-27T14:35:21.235913" elapsed="0.227901"/>
</kw>
<kw name="Input Text" owner="SeleniumLibrary">
<msg time="2025-01-27T14:35:21.465919" level="INFO">Typing text 'Somsong' into text field 'firstname'.</msg>
<arg>firstname</arg>
<arg>${VALID FIRSTNAME}</arg>
<doc>Types the given ``text`` into the text field identified by ``locator``.</doc>
<status status="PASS" start="2025-01-27T14:35:21.465396" elapsed="0.800814"/>
</kw>
<kw name="Input Text" owner="SeleniumLibrary">
<msg time="2025-01-27T14:35:22.267469" level="INFO">Typing text 'Sandee' into text field 'lastname'.</msg>
<arg>lastname</arg>
<arg>${VALID LASTNAME}</arg>
<doc>Types the given ``text`` into the text field identified by ``locator``.</doc>
<status status="PASS" start="2025-01-27T14:35:22.266857" elapsed="0.793754"/>
</kw>
<kw name="Input Text" owner="SeleniumLibrary">
<msg time="2025-01-27T14:35:23.061245" level="INFO">Typing text 'Europe' into text field 'destination'.</msg>
<arg>destination</arg>
<arg>${VALID DESTINATION}</arg>
<doc>Types the given ``text`` into the text field identified by ``locator``.</doc>
<status status="PASS" start="2025-01-27T14:35:23.061245" elapsed="0.722395"/>
</kw>
<kw name="Input Text" owner="SeleniumLibrary">
<msg time="2025-01-27T14:35:23.784337" level="INFO">Typing text 'Sodsai Sandee' into text field 'contactperson'.</msg>
<arg>contactperson</arg>
<arg>${VALID CONTACT_PERSON}</arg>
<doc>Types the given ``text`` into the text field identified by ``locator``.</doc>
<status status="PASS" start="2025-01-27T14:35:23.784337" elapsed="0.718483"/>
</kw>
<kw name="Input Text" owner="SeleniumLibrary">
<msg time="2025-01-27T14:35:24.504024" level="INFO">Typing text 'Mother' into text field 'relationship'.</msg>
<arg>relationship</arg>
<arg>${VALID RELATIONSHIP}</arg>
<doc>Types the given ``text`` into the text field identified by ``locator``.</doc>
<status status="PASS" start="2025-01-27T14:35:24.503446" elapsed="0.714643"/>
</kw>
<kw name="Input Text" owner="SeleniumLibrary">
<msg time="2025-01-27T14:35:25.219929" level="INFO">Typing text 'somsong@kkumail.com' into text field 'email'.</msg>
<arg>email</arg>
<arg>${VALID EMAIL}</arg>
<doc>Types the given ``text`` into the text field identified by ``locator``.</doc>
<status status="PASS" start="2025-01-27T14:35:25.219408" elapsed="0.762857"/>
</kw>
<kw name="Input Text" owner="SeleniumLibrary">
<msg time="2025-01-27T14:35:25.983268" level="INFO">Typing text '081-111-1234' into text field 'phone'.</msg>
<arg>phone</arg>
<arg>${VALID PHONENUMBER}</arg>
<doc>Types the given ``text`` into the text field identified by ``locator``.</doc>
<status status="PASS" start="2025-01-27T14:35:25.983268" elapsed="0.735062"/>
</kw>
<kw name="Click Button" owner="SeleniumLibrary">
<msg time="2025-01-27T14:35:26.720252" level="INFO">Clicking button 'submitButton'.</msg>
<arg>submitButton</arg>
<doc>Clicks the button identified by ``locator``.</doc>
<status status="PASS" start="2025-01-27T14:35:26.719650" elapsed="0.733559"/>
</kw>
<kw name="Element Should Contain" owner="SeleniumLibrary">
<msg time="2025-01-27T14:35:28.218232" level="INFO" html="true">&lt;/td&gt;&lt;/tr&gt;&lt;tr&gt;&lt;td colspan="3"&gt;&lt;a href="selenium-screenshot-4.png"&gt;&lt;img src="selenium-screenshot-4.png" width="800px"&gt;&lt;/a&gt;</msg>
<msg time="2025-01-27T14:35:28.218838" level="FAIL">Element '//h1' should have contained text 'Our agent will contact you shortly.' but its text was 'Travel Insurance Inquiry'.</msg>
<arg>//h1</arg>
<arg>Our agent will contact you shortly.</arg>
<doc>Verifies that element ``locator`` contains text ``expected``.</doc>
<status status="FAIL" start="2025-01-27T14:35:27.454491" elapsed="0.766804">Element '//h1' should have contained text 'Our agent will contact you shortly.' but its text was 'Travel Insurance Inquiry'.</status>
</kw>
<kw name="Element Should Contain" owner="SeleniumLibrary">
<arg>//h2</arg>
<arg>Thank you for your patient.</arg>
<doc>Verifies that element ``locator`` contains text ``expected``.</doc>
<status status="NOT RUN" start="2025-01-27T14:35:28.221911" elapsed="0.000707"/>
</kw>
<kw name="Location Should Contain" owner="SeleniumLibrary">
<arg>${COMPLETE URL}</arg>
<doc>Verifies that the current URL contains ``expected``.</doc>
<status status="NOT RUN" start="2025-01-27T14:35:28.223361" elapsed="0.000000"/>
</kw>
<kw name="Title Should Be" owner="SeleniumLibrary">
<arg>Completed</arg>
<doc>Verifies that the current page title equals ``title``.</doc>
<status status="NOT RUN" start="2025-01-27T14:35:28.223361" elapsed="0.000000"/>
</kw>
<kw name="Close Browser" owner="SeleniumLibrary" type="TEARDOWN">
<doc>Closes the current browser.</doc>
<status status="PASS" start="2025-01-27T14:35:28.224162" elapsed="2.397546"/>
</kw>
<status status="FAIL" start="2025-01-27T14:35:21.235307" elapsed="9.386913">Element '//h1' should have contained text 'Our agent will contact you shortly.' but its text was 'Travel Insurance Inquiry'.</status>
</test>
<status status="FAIL" start="2025-01-27T14:35:18.723168" elapsed="11.901843"/>
</suite>
<statistics>
<total>
<stat pass="1" fail="1" skip="0">All Tests</stat>
</total>
<tag>
</tag>
<suite>
<stat pass="1" fail="1" skip="0" id="s1" name="Complete">Complete</stat>
</suite>
</statistics>
<errors>
</errors>
</robot>
